<?xml version="1.0" encoding="UTF-8"?>
<!-- Generated by org.testng.reporters.JUnitReportReporter -->
<testsuite hostname="CDXN-IT024186" failures="0" tests="1" name="testCases.POMTest" time="0.514" errors="0" timestamp="2020-09-19T14:50:09 PDT" skipped="0">
  <testcase classname="testCases.POMTest" name="test_Home_Page_Appear_Correct" time="0.514"/>
  <system-out/>
</testsuite> <!-- testCases.POMTest -->
