<?xml version="1.0" encoding="UTF-8"?>
<!-- Generated by org.testng.reporters.JUnitReportReporter -->
<testsuite hostname="CDXN-IT024186" failures="0" tests="1" name="Test.POMTest" time="1.377" errors="0" timestamp="2020-09-18T16:41:30 PDT" skipped="0">
  <testcase classname="Test.POMTest" name="test_Home_Page_Appear_Correct" time="1.377"/>
  <system-out/>
</testsuite> <!-- Test.POMTest -->
